<?xml version="1.0" encoding="UTF-8"?>
<testng-results ignored="0" total="3" passed="3" failed="0" skipped="0">
  <reporter-output>
  </reporter-output>
  <suite started-at="2024-08-22T20:24:12 EDT" name="Suite" finished-at="2024-08-22T20:24:12 EDT" duration-ms="63">
    <groups>
      <group name="regression">
        <method signature="XmlRegrationSmokeSuieTest.test02()[pri:0, instance:testNgday2_5_11_24.XmlRegrationSmokeSuieTest@4d5d943d]" name="test02" class="testNgday2_5_11_24.XmlRegrationSmokeSuieTest"/>
      </group> <!-- regression -->
      <group name="smoke">
        <method signature="XmlRegrationSmokeSuieTest.test01()[pri:0, instance:testNgday2_5_11_24.XmlRegrationSmokeSuieTest@4d5d943d]" name="test01" class="testNgday2_5_11_24.XmlRegrationSmokeSuieTest"/>
        <method signature="XmlRegrationSmokeSuieTest.test03()[pri:0, instance:testNgday2_5_11_24.XmlRegrationSmokeSuieTest@4d5d943d]" name="test03" class="testNgday2_5_11_24.XmlRegrationSmokeSuieTest"/>
      </group> <!-- smoke -->
    </groups>
    <test started-at="2024-08-22T20:24:12 EDT" name="Test" finished-at="2024-08-22T20:24:12 EDT" duration-ms="63">
      <class name="testNgday2_5_11_24.XmlRegrationSmokeSuieTest">
        <test-method signature="test01()[pri:0, instance:testNgday2_5_11_24.XmlRegrationSmokeSuieTest@4d5d943d]" started-at="2024-08-22T20:24:12 EDT" name="test01" finished-at="2024-08-22T20:24:12 EDT" duration-ms="8" status="PASS">
          <reporter-output>
          </reporter-output>
        </test-method> <!-- test01 -->
        <test-method signature="test02()[pri:0, instance:testNgday2_5_11_24.XmlRegrationSmokeSuieTest@4d5d943d]" started-at="2024-08-22T20:24:12 EDT" name="test02" finished-at="2024-08-22T20:24:12 EDT" duration-ms="1" status="PASS">
          <reporter-output>
          </reporter-output>
        </test-method> <!-- test02 -->
        <test-method signature="test03()[pri:0, instance:testNgday2_5_11_24.XmlRegrationSmokeSuieTest@4d5d943d]" started-at="2024-08-22T20:24:12 EDT" name="test03" finished-at="2024-08-22T20:24:12 EDT" duration-ms="1" status="PASS">
          <reporter-output>
          </reporter-output>
        </test-method> <!-- test03 -->
      </class> <!-- testNgday2_5_11_24.XmlRegrationSmokeSuieTest -->
    </test> <!-- Test -->
  </suite> <!-- Suite -->
</testng-results>
